SF:lib\app\api\handlers\clients\get_clients_handler.dart
DA:5,1
DA:7,0
DA:9,0
DA:10,0
DA:12,0
LF:5
LH:1
end_of_record
SF:lib\app\api\controllers\clients\clients_controller.dart
DA:6,1
DA:8,1
DA:11,1
DA:12,1
DA:13,2
LF:5
LH:5
end_of_record
SF:lib\app\api\controllers\controller.dart
DA:6,0
LF:1
LH:0
end_of_record
SF:lib\app\api\dto\client_output_dto.dart
DA:9,0
DA:16,0
DA:17,0
DA:18,0
DA:19,0
DA:20,0
DA:21,0
DA:24,0
DA:25,0
LF:9
LH:0
end_of_record
SF:lib\app\api\handlers\handler.dart
DA:11,0
LF:1
LH:0
end_of_record
SF:lib\app\domain\entities\user\user_entity.dart
DA:9,0
DA:19,0
DA:21,0
LF:3
LH:0
end_of_record
