SF:lib\app\api\handlers\clients\get_clients_handler.dart
DA:5,2
DA:7,1
DA:9,2
DA:10,1
DA:12,1
LF:5
LH:5
end_of_record
SF:lib\app\api\dto\client_input_dto.dart
DA:4,1
DA:5,1
DA:7,1
DA:8,1
DA:9,1
DA:10,1
DA:11,1
LF:7
LH:7
end_of_record
SF:lib\app\api\messages\message_error.dart
DA:5,1
LF:1
LH:1
end_of_record
SF:lib\app\api\handlers\handler.dart
DA:10,2
DA:17,2
LF:2
LH:2
end_of_record
SF:lib\app\api\controllers\clients\clients_controller.dart
DA:7,1
DA:10,1
DA:13,1
DA:14,1
DA:15,2
DA:16,2
LF:6
LH:6
end_of_record
SF:lib\app\api\controllers\controller.dart
DA:6,0
LF:1
LH:0
end_of_record
SF:lib\app\api\handlers\clients\add_clients_handler.dart
DA:6,2
DA:7,1
DA:11,2
DA:12,2
DA:13,1
DA:15,1
DA:17,1
DA:18,1
DA:20,1
DA:23,2
DA:24,1
LF:11
LH:11
end_of_record
SF:lib\app\api\dto\client_output_dto.dart
DA:9,2
DA:16,2
DA:17,2
DA:18,2
DA:19,2
DA:20,2
DA:21,2
DA:25,1
DA:26,2
DA:29,0
DA:30,0
DA:32,0
DA:33,0
DA:34,0
LF:14
LH:9
end_of_record
SF:lib\app\domain\entities\user\client_entity.dart
DA:9,7
LF:1
LH:1
end_of_record
SF:lib\app\data\services\get_client_service.dart
DA:6,1
DA:7,1
DA:9,2
LF:3
LH:3
end_of_record
SF:lib\app\data\services\add_client_service.dart
DA:7,1
DA:11,1
DA:14,3
DA:16,1
DA:18,2
LF:5
LH:5
end_of_record
SF:lib\app\infra\connection\fake\fake_db.dart
DA:4,0
DA:6,0
DA:9,0
DA:12,0
DA:13,0
LF:5
LH:0
end_of_record
SF:lib\app\infra\dao\clients\get_clients_dao.dart
DA:6,1
DA:7,1
DA:10,2
DA:12,1
DA:13,2
DA:14,1
DA:15,1
DA:16,1
DA:17,1
DA:18,1
DA:19,1
DA:20,1
DA:23,1
DA:25,2
LF:14
LH:14
end_of_record
SF:lib\app\infra\connection\postgres\postgres.dart
DA:6,0
DA:11,0
DA:14,0
DA:19,0
DA:26,0
DA:27,0
DA:29,0
DA:30,0
DA:32,0
DA:33,0
LF:10
LH:0
end_of_record
SF:lib\app\infra\infra.dart
DA:15,0
DA:17,2
DA:18,2
DA:19,2
DA:20,2
DA:21,2
DA:22,2
DA:23,2
LF:8
LH:7
end_of_record
SF:lib\app\infra\dao\clients\get_client_by_email_dao.dart
DA:6,1
DA:7,1
DA:11,3
DA:15,1
DA:16,2
DA:18,2
LF:6
LH:6
end_of_record
SF:lib\app\infra\dao\clients\add_client_dao.dart
DA:6,1
DA:7,1
DA:10,2
DA:12,1
DA:13,1
DA:14,1
DA:15,1
DA:16,1
DA:17,1
DA:20,2
DA:22,2
LF:11
LH:11
end_of_record
